04:00:01 **** Build of configuration Debug for project n ****
make all 
Building file: ../system/src/stm32f1-stdperiph/misc.c
Invoking: Cross ARM GNU C Compiler
arm-none-eabi-gcc -mcpu=cortex-m3 -mthumb -Og -fmessage-length=0 -fsigned-char -ffunction-sections -fdata-sections -ffreestanding -fno-move-loop-invariants -Wall -Wextra  -g3 -DDEBUG -DUSE_FULL_ASSERT -DTRACE -DOS_USE_TRACE_SEMIHOSTING_DEBUG -DSTM32F10X_MD -DUSE_STDPERIPH_DRIVER -DHSE_VALUE=8000000 -I"../include" -I"../system/include" -I"../system/include/cmsis" -I"../system/include/stm32f1-stdperiph" -std=gnu11 -MMD -MP -MF"system/src/stm32f1-stdperiph/misc.d" -MT"system/src/stm32f1-stdperiph/misc.o" -c -o "system/src/stm32f1-stdperiph/misc.o" "../system/src/stm32f1-stdperiph/misc.c"
Finished building: ../system/src/stm32f1-stdperiph/misc.c
 
Building file: ../system/src/stm32f1-stdperiph/stm32f10x_gpio.c
Invoking: Cross ARM GNU C Compiler
arm-none-eabi-gcc -mcpu=cortex-m3 -mthumb -Og -fmessage-length=0 -fsigned-char -ffunction-sections -fdata-sections -ffreestanding -fno-move-loop-invariants -Wall -Wextra  -g3 -DDEBUG -DUSE_FULL_ASSERT -DTRACE -DOS_USE_TRACE_SEMIHOSTING_DEBUG -DSTM32F10X_MD -DUSE_STDPERIPH_DRIVER -DHSE_VALUE=8000000 -I"../include" -I"../system/include" -I"../system/include/cmsis" -I"../system/include/stm32f1-stdperiph" -std=gnu11 -MMD -MP -MF"system/src/stm32f1-stdperiph/stm32f10x_gpio.d" -MT"system/src/stm32f1-stdperiph/stm32f10x_gpio.o" -c -o "system/src/stm32f1-stdperiph/stm32f10x_gpio.o" "../system/src/stm32f1-stdperiph/stm32f10x_gpio.c"
Finished building: ../system/src/stm32f1-stdperiph/stm32f10x_gpio.c
 
Building file: ../system/src/stm32f1-stdperiph/stm32f10x_rcc.c
Invoking: Cross ARM GNU C Compiler
arm-none-eabi-gcc -mcpu=cortex-m3 -mthumb -Og -fmessage-length=0 -fsigned-char -ffunction-sections -fdata-sections -ffreestanding -fno-move-loop-invariants -Wall -Wextra  -g3 -DDEBUG -DUSE_FULL_ASSERT -DTRACE -DOS_USE_TRACE_SEMIHOSTING_DEBUG -DSTM32F10X_MD -DUSE_STDPERIPH_DRIVER -DHSE_VALUE=8000000 -I"../include" -I"../system/include" -I"../system/include/cmsis" -I"../system/include/stm32f1-stdperiph" -std=gnu11 -MMD -MP -MF"system/src/stm32f1-stdperiph/stm32f10x_rcc.d" -MT"system/src/stm32f1-stdperiph/stm32f10x_rcc.o" -c -o "system/src/stm32f1-stdperiph/stm32f10x_rcc.o" "../system/src/stm32f1-stdperiph/stm32f10x_rcc.c"
Finished building: ../system/src/stm32f1-stdperiph/stm32f10x_rcc.c
 
Building file: ../system/src/newlib/_cxx.cpp
Invoking: Cross ARM GNU C++ Compiler
arm-none-eabi-g++ -mcpu=cortex-m3 -mthumb -Og -fmessage-length=0 -fsigned-char -ffunction-sections -fdata-sections -ffreestanding -fno-move-loop-invariants -Wall -Wextra  -g3 -DDEBUG -DUSE_FULL_ASSERT -DTRACE -DOS_USE_TRACE_SEMIHOSTING_DEBUG -DSTM32F10X_MD -DUSE_STDPERIPH_DRIVER -DHSE_VALUE=8000000 -I"../include" -I"../system/include" -I"../system/include/cmsis" -I"../system/include/stm32f1-stdperiph" -std=gnu++11 -fabi-version=0 -fno-exceptions -fno-rtti -fno-use-cxa-atexit -fno-threadsafe-statics -MMD -MP -MF"system/src/newlib/_cxx.d" -MT"system/src/newlib/_cxx.o" -c -o "system/src/newlib/_cxx.o" "../system/src/newlib/_cxx.cpp"
Finished building: ../system/src/newlib/_cxx.cpp
 
Building file: ../system/src/newlib/_exit.c
Invoking: Cross ARM GNU C Compiler
arm-none-eabi-gcc -mcpu=cortex-m3 -mthumb -Og -fmessage-length=0 -fsigned-char -ffunction-sections -fdata-sections -ffreestanding -fno-move-loop-invariants -Wall -Wextra  -g3 -DDEBUG -DUSE_FULL_ASSERT -DTRACE -DOS_USE_TRACE_SEMIHOSTING_DEBUG -DSTM32F10X_MD -DUSE_STDPERIPH_DRIVER -DHSE_VALUE=8000000 -I"../include" -I"../system/include" -I"../system/include/cmsis" -I"../system/include/stm32f1-stdperiph" -std=gnu11 -MMD -MP -MF"system/src/newlib/_exit.d" -MT"system/src/newlib/_exit.o" -c -o "system/src/newlib/_exit.o" "../system/src/newlib/_exit.c"
Finished building: ../system/src/newlib/_exit.c
 
Building file: ../system/src/newlib/_sbrk.c
Invoking: Cross ARM GNU C Compiler
arm-none-eabi-gcc -mcpu=cortex-m3 -mthumb -Og -fmessage-length=0 -fsigned-char -ffunction-sections -fdata-sections -ffreestanding -fno-move-loop-invariants -Wall -Wextra  -g3 -DDEBUG -DUSE_FULL_ASSERT -DTRACE -DOS_USE_TRACE_SEMIHOSTING_DEBUG -DSTM32F10X_MD -DUSE_STDPERIPH_DRIVER -DHSE_VALUE=8000000 -I"../include" -I"../system/include" -I"../system/include/cmsis" -I"../system/include/stm32f1-stdperiph" -std=gnu11 -MMD -MP -MF"system/src/newlib/_sbrk.d" -MT"system/src/newlib/_sbrk.o" -c -o "system/src/newlib/_sbrk.o" "../system/src/newlib/_sbrk.c"
Command canceled
